Watching for file changes with StatReloader
[28/Apr/2026 23:18:48] "POST /api/plagiarism/check/ HTTP/1.1" 201 275
[28/Apr/2026 23:18:48,496] - Broken pipe from ('127.0.0.1', 50585)
Not Found: /
[28/Apr/2026 23:21:19] "GET / HTTP/1.1" 404 2642
Not Found: /favicon.ico
[28/Apr/2026 23:21:19] "GET /favicon.ico HTTP/1.1" 404 2693
Not Found: /
[28/Apr/2026 23:21:23] "GET / HTTP/1.1" 404 2642
Not Found: /
[28/Apr/2026 23:21:23] "GET / HTTP/1.1" 404 2642
Not Found: /
[28/Apr/2026 23:21:24] "GET / HTTP/1.1" 404 2642
[28/Apr/2026 23:21:43] "GET /admin/login/?next=/admin/ HTTP/1.1" 200 4173
[28/Apr/2026 23:21:48] "GET /admin/ HTTP/1.1" 302 0
[28/Apr/2026 23:21:48] "GET /admin/login/?next=/admin/ HTTP/1.1" 200 4173
[28/Apr/2026 23:22:03] "POST /admin/login/?next=/admin/ HTTP/1.1" 302 0
[28/Apr/2026 23:22:03] "GET /admin/ HTTP/1.1" 200 9046
[28/Apr/2026 23:22:07] "GET /admin/auth/user/add/ HTTP/1.1" 200 14371
[28/Apr/2026 23:22:07] "GET /admin/jsi18n/ HTTP/1.1" 200 3342
[28/Apr/2026 23:22:07] "GET /static/admin/js/jquery.init.js HTTP/1.1" 200 347
[28/Apr/2026 23:22:07] "GET /static/admin/css/unusable_password_field.css HTTP/1.1" 200 663
[28/Apr/2026 23:22:07] "GET /static/admin/js/urlify.js HTTP/1.1" 200 7887
[28/Apr/2026 23:22:07] "GET /static/admin/js/admin/RelatedObjectLookups.js HTTP/1.1" 200 9777
[28/Apr/2026 23:22:07] "GET /static/admin/js/core.js HTTP/1.1" 200 6208
[28/Apr/2026 23:22:07] "GET /static/admin/js/actions.js HTTP/1.1" 200 8076
[28/Apr/2026 23:22:07] "GET /static/admin/js/prepopulate.js HTTP/1.1" 200 1531
[28/Apr/2026 23:22:07] "GET /static/admin/js/prepopulate_init.js HTTP/1.1" 200 586
[28/Apr/2026 23:22:07] "GET /static/admin/js/vendor/jquery/jquery.js HTTP/1.1" 200 285314
[28/Apr/2026 23:22:07] "GET /static/admin/js/change_form.js HTTP/1.1" 200 606
[28/Apr/2026 23:22:07] "GET /static/admin/js/unusable_password_field.js HTTP/1.1" 200 1480
[28/Apr/2026 23:22:07] "GET /static/admin/js/vendor/xregexp/xregexp.js HTTP/1.1" 200 325171
[28/Apr/2026 23:23:01] "GET /admin/auth/user/add/ HTTP/1.1" 200 14371
[28/Apr/2026 23:23:01] "GET /admin/jsi18n/ HTTP/1.1" 200 3342
[28/Apr/2026 23:23:13] "GET /admin/plagiarism/plagiarismcheck/add/ HTTP/1.1" 200 15992
[28/Apr/2026 23:23:13] "GET /admin/jsi18n/ HTTP/1.1" 200 3342
[28/Apr/2026 23:23:13] "GET /static/admin/img/icon-viewlink.svg HTTP/1.1" 200 581
[28/Apr/2026 23:23:13] "GET /static/admin/img/icon-deletelink.svg HTTP/1.1" 200 392
[28/Apr/2026 23:23:16] "GET /admin/auth/user/add/ HTTP/1.1" 200 14371
[28/Apr/2026 23:23:16] "GET /admin/jsi18n/ HTTP/1.1" 200 3342
[28/Apr/2026 23:23:17] "GET /admin/auth/group/add/ HTTP/1.1" 200 14795
[28/Apr/2026 23:23:17] "GET /admin/jsi18n/ HTTP/1.1" 200 3342
[28/Apr/2026 23:23:17] "GET /static/admin/js/SelectFilter2.js HTTP/1.1" 200 15845
[28/Apr/2026 23:23:17] "GET /static/admin/js/SelectBox.js HTTP/1.1" 200 4530
[28/Apr/2026 23:23:17] "GET /static/admin/img/search.svg HTTP/1.1" 200 458
[28/Apr/2026 23:23:17] "GET /static/admin/img/selector-icons.svg HTTP/1.1" 200 3291
Not Found: /.well-known/appspecific/com.chrome.devtools.json
[28/Apr/2026 23:23:52] "GET /.well-known/appspecific/com.chrome.devtools.json HTTP/1.1" 404 2804
[28/Apr/2026 23:24:03] "GET /admin/auth/user/add/ HTTP/1.1" 200 14371
[28/Apr/2026 23:24:03] "GET /admin/jsi18n/ HTTP/1.1" 200 3342
[28/Apr/2026 23:24:07] "GET /admin/plagiarism/referencedocument/add/ HTTP/1.1" 200 12976
[28/Apr/2026 23:24:07] "GET /admin/jsi18n/ HTTP/1.1" 200 3342
[28/Apr/2026 23:24:09] "GET /admin/plagiarism/plagiarismcheck/add/ HTTP/1.1" 200 15992
[28/Apr/2026 23:24:09] "GET /admin/jsi18n/ HTTP/1.1" 200 3342
[28/Apr/2026 23:24:12] "GET /admin/scanner/scanjob/add/ HTTP/1.1" 200 18215
[28/Apr/2026 23:24:12] "GET /admin/jsi18n/ HTTP/1.1" 200 3342
